fleet->attribute('Boat, speed'): 25.00
fleet->attribute('Truck, speed'): 60.00
fleet->attribute('Plane, speed'): 700.00
fleet->attribute('Plane, cost'): 2.00
fleet->attribute('Truck, cost'): 5.00
fleet->attribute('Boat, cost'): 10.00
fleet->attribute('Truck, capacity'): 50
**** explore la : distance 1500 ****
la(s11:100.00:s12) tijuana
la(s21:150.00:s22) seattle
la(s31:200.00:s32) sf
la(s41:250.00:s42) dallas
la(s101:620.00:s102) sf
la(s31:200.00:s32) sf(s51:300.00:s52) dallas
la(s31:200.00:s32) sf(s91:570.00:s92) vancouver
la(s41:250.00:s42) dallas(s52:330.00:s51) sf
la(s41:250.00:s42) dallas(s61:350.00:s62) nola
la(s41:250.00:s42) dallas(s71:450.00:s72) dc
la(s101:620.00:s102) sf(s51:300.00:s52) dallas
la(s101:620.00:s102) sf(s91:570.00:s92) vancouver
la(s31:200.00:s32) sf(s51:300.00:s52) dallas(s61:350.00:s62) nola
la(s31:200.00:s32) sf(s51:300.00:s52) dallas(s71:450.00:s72) dc
la(s31:200.00:s32) sf(s91:570.00:s92) vancouver(s82:550.00:s81) dc
la(s41:250.00:s42) dallas(s52:330.00:s51) sf(s91:570.00:s92) vancouver
la(s41:250.00:s42) dallas(s71:450.00:s72) dc(s81:520.00:s82) vancouver
la(s101:620.00:s102) sf(s51:300.00:s52) dallas(s61:350.00:s62) nola
la(s101:620.00:s102) sf(s51:300.00:s52) dallas(s71:450.00:s72) dc
la(s31:200.00:s32) sf(s51:300.00:s52) dallas(s71:450.00:s72) dc(s81:520.00:s82) vancouver


**** explore la : cost 700 time 30 ****
la(s11:100.00:s12) tijuana
la(s21:150.00:s22) seattle
la(s31:200.00:s32) sf
la(s41:250.00:s42) dallas
la(s41:250.00:s42) dallas(s52:330.00:s51) sf


**** explore dc : distance 1000 cost 2000 time 50 ****
dc(s72:500.00:s71) dallas
dc(s81:520.00:s82) vancouver
dc(s72:500.00:s71) dallas(s42:270.00:s41) la
dc(s72:500.00:s71) dallas(s52:330.00:s51) sf
dc(s72:500.00:s71) dallas(s61:350.00:s62) nola
dc(s72:500.00:s71) dallas(s42:270.00:s41) la(s11:100.00:s12) tijuana
dc(s72:500.00:s71) dallas(s42:270.00:s41) la(s21:150.00:s22) seattle
dc(s72:500.00:s71) dallas(s42:270.00:s41) la(s31:200.00:s32) sf


**** explore dc : distance 1000 cost 2000 time 50 expedited ****
dc(s72:500.00:s71) dallas


*** connect la : sf ****
1000.00 3.33 no; la(s31:200.00:s32) sf
1500.00 2.56 yes; la(s31:200.00:s32) sf
6200.00 24.80 no; la(s101:620.00:s102) sf
1160.00 0.83 no; la(s41:250.00:s42) dallas(s52:330.00:s51) sf
7000.00 19.67 no; la(s41:250.00:s42) dallas(s71:450.00:s72) dc(s81:520.00:s82) vancouver(s92:600.00:s91) sf


*** connect nola : seattle ****
2090.00 3.46 no; nola(s62:400.00:s61) dallas(s42:270.00:s41) la(s21:150.00:s22) seattle
2650.00 3.86 no; nola(s62:400.00:s61) dallas(s52:330.00:s51) sf(s32:220.00:s31) la(s21:150.00:s22) seattle
8710.00 29.54 no; nola(s62:400.00:s61) dallas(s52:330.00:s51) sf(s102:650.00:s101) la(s21:150.00:s22) seattle
8490.00 22.70 no; nola(s62:400.00:s61) dallas(s71:450.00:s72) dc(s81:520.00:s82) vancouver(s92:600.00:s91) sf(s32:220.00:s31) la(s21:150.00:s22) seattle
14550.00 48.38 no; nola(s62:400.00:s61) dallas(s71:450.00:s72) dc(s81:520.00:s82) vancouver(s92:600.00:s91) sf(s102:650.00:s101) la(s21:150.00:s22) seattle


===== Stats attributes =====
 --- Segments --- 
# Truck segments : 8
# Plane segments : 10
# Boat segments : 2
Expediting %     : 35.00
 --- Terminals --- 
# Plane terminals: 1
# Boat terminals: 0
# Truck terminals: 1
 --- Ports and customers --- 
# Ports          : 2
# Customers         : 4
